<?xml version="1.0" encoding="UTF-8"?>
<testng-results skipped="0" failed="1" total="3" passed="2">
  <reporter-output>
  </reporter-output>
  <suite name="Default suite" duration-ms="164913" started-at="2017-07-26T07:35:17Z" finished-at="2017-07-26T07:38:02Z">
    <groups>
    </groups>
    <test name="Default test" duration-ms="164913" started-at="2017-07-26T07:35:17Z" finished-at="2017-07-26T07:38:02Z">
      <class name="DDT.Amazon_Login">
        <test-method status="PASS" signature="login_Amazon(java.lang.String, java.lang.String)[pri:0, instance:DDT.Amazon_Login@56ac3a89]" name="login_Amazon" duration-ms="67744" started-at="2017-07-26T03:35:18Z" data-provider="TestData" finished-at="2017-07-26T03:36:26Z">
          <params>
            <param index="0">
              <value>
                <![CDATA[debazroy@yahoo.com]]>
              </value>
            </param>
            <param index="1">
              <value>
                <![CDATA[nidhiroy]]>
              </value>
            </param>
          </params>
          <reporter-output>
          </reporter-output>
        </test-method> <!-- login_Amazon -->
        <test-method status="FAIL" signature="login_Amazon(java.lang.String, java.lang.String)[pri:0, instance:DDT.Amazon_Login@56ac3a89]" name="login_Amazon" duration-ms="27066" started-at="2017-07-26T03:36:26Z" data-provider="TestData" finished-at="2017-07-26T03:36:53Z">
          <params>
            <param index="0">
              <value>
                <![CDATA[debazroy@gmail.com]]>
              </value>
            </param>
            <param index="1">
              <value>
                <![CDATA[Nabonita2]]>
              </value>
            </param>
          </params>
          <exception class="java.lang.AssertionError">
            <message>
              <![CDATA[User CAN'T Login with INVALID CREDENTIALS expected [false] but found [true]]]>
            </message>
            <full-stacktrace>
              <![CDATA[java.lang.AssertionError: User CAN'T Login with INVALID CREDENTIALS expected [false] but found [true]
	at org.testng.Assert.fail(Assert.java:94)
	at org.testng.Assert.failNotEquals(Assert.java:494)
	at org.testng.Assert.assertFalse(Assert.java:63)
	at DDT.Amazon_Login.login_Amazon(Amazon_Login.java:37)
	at sun.reflect.NativeMethodAccessorImpl.invoke0(Native Method)
	at sun.reflect.NativeMethodAccessorImpl.invoke(Unknown Source)
	at sun.reflect.DelegatingMethodAccessorImpl.invoke(Unknown Source)
	at java.lang.reflect.Method.invoke(Unknown Source)
	at org.testng.internal.MethodInvocationHelper.invokeMethod(MethodInvocationHelper.java:80)
	at org.testng.internal.Invoker.invokeMethod(Invoker.java:714)
	at org.testng.internal.Invoker.invokeTestMethod(Invoker.java:901)
	at org.testng.internal.Invoker.invokeTestMethods(Invoker.java:1231)
	at org.testng.internal.TestMethodWorker.invokeTestMethods(TestMethodWorker.java:127)
	at org.testng.internal.TestMethodWorker.run(TestMethodWorker.java:111)
	at org.testng.TestRunner.privateRun(TestRunner.java:767)
	at org.testng.TestRunner.run(TestRunner.java:617)
	at org.testng.SuiteRunner.runTest(SuiteRunner.java:334)
	at org.testng.SuiteRunner.runSequentially(SuiteRunner.java:329)
	at org.testng.SuiteRunner.privateRun(SuiteRunner.java:291)
	at org.testng.SuiteRunner.run(SuiteRunner.java:240)
	at org.testng.SuiteRunnerWorker.runSuite(SuiteRunnerWorker.java:52)
	at org.testng.SuiteRunnerWorker.run(SuiteRunnerWorker.java:86)
	at org.testng.TestNG.runSuitesSequentially(TestNG.java:1198)
	at org.testng.TestNG.runSuitesLocally(TestNG.java:1123)
	at org.testng.TestNG.run(TestNG.java:1031)
	at org.testng.remote.AbstractRemoteTestNG.run(AbstractRemoteTestNG.java:132)
	at org.testng.remote.RemoteTestNG.initAndRun(RemoteTestNG.java:230)
	at org.testng.remote.RemoteTestNG.main(RemoteTestNG.java:76)
]]>
            </full-stacktrace>
          </exception> <!-- java.lang.AssertionError -->
          <reporter-output>
          </reporter-output>
        </test-method> <!-- login_Amazon -->
        <test-method status="PASS" signature="login_Amazon(java.lang.String, java.lang.String)[pri:0, instance:DDT.Amazon_Login@56ac3a89]" name="login_Amazon" duration-ms="69026" started-at="2017-07-26T03:36:53Z" data-provider="TestData" finished-at="2017-07-26T03:38:02Z">
          <params>
            <param index="0">
              <value>
                <![CDATA[debazzroy@yahoo.in]]>
              </value>
            </param>
            <param index="1">
              <value>
                <![CDATA[Nabonita2]]>
              </value>
            </param>
          </params>
          <reporter-output>
          </reporter-output>
        </test-method> <!-- login_Amazon -->
      </class> <!-- DDT.Amazon_Login -->
    </test> <!-- Default test -->
  </suite> <!-- Default suite -->
</testng-results>
